Start testing: Aug 19 22:54 EDT
----------------------------------------------------------
1/18 Testing: NullableTest.default_construct
1/18 Test: NullableTest.default_construct
Command: "/home/ptrprincess/cpps/build/tests/Nullable_tests" "--gtest_filter=NullableTest.default_construct" "--gtest_also_run_disabled_tests"
Directory: /home/ptrprincess/cpps/build/tests
"NullableTest.default_construct" start time: Aug 19 22:54 EDT
Output:
----------------------------------------------------------
Running main() from /home/ptrprincess/cpps/build/_deps/googletest-src/googletest/src/gtest_main.cc
Note: Google Test filter = NullableTest.default_construct
[==========] Running 1 test from 1 test suite.
[----------] Global test environment set-up.
[----------] 1 test from NullableTest
[ RUN      ] NullableTest.default_construct
[       OK ] NullableTest.default_construct (0 ms)
[----------] 1 test from NullableTest (0 ms total)

[----------] Global test environment tear-down
[==========] 1 test from 1 test suite ran. (0 ms total)
[  PASSED  ] 1 test.
<end of output>
Test time =   0.00 sec
----------------------------------------------------------
Test Passed.
"NullableTest.default_construct" end time: Aug 19 22:54 EDT
"NullableTest.default_construct" time elapsed: 00:00:00
----------------------------------------------------------

2/18 Testing: NullableTest.init_construct
2/18 Test: NullableTest.init_construct
Command: "/home/ptrprincess/cpps/build/tests/Nullable_tests" "--gtest_filter=NullableTest.init_construct" "--gtest_also_run_disabled_tests"
Directory: /home/ptrprincess/cpps/build/tests
"NullableTest.init_construct" start time: Aug 19 22:54 EDT
Output:
----------------------------------------------------------
Running main() from /home/ptrprincess/cpps/build/_deps/googletest-src/googletest/src/gtest_main.cc
Note: Google Test filter = NullableTest.init_construct
[==========] Running 1 test from 1 test suite.
[----------] Global test environment set-up.
[----------] 1 test from NullableTest
[ RUN      ] NullableTest.init_construct
[       OK ] NullableTest.init_construct (0 ms)
[----------] 1 test from NullableTest (0 ms total)

[----------] Global test environment tear-down
[==========] 1 test from 1 test suite ran. (0 ms total)
[  PASSED  ] 1 test.
<end of output>
Test time =   0.00 sec
----------------------------------------------------------
Test Passed.
"NullableTest.init_construct" end time: Aug 19 22:54 EDT
"NullableTest.init_construct" time elapsed: 00:00:00
----------------------------------------------------------

3/18 Testing: NullableTest.copy_construct
3/18 Test: NullableTest.copy_construct
Command: "/home/ptrprincess/cpps/build/tests/Nullable_tests" "--gtest_filter=NullableTest.copy_construct" "--gtest_also_run_disabled_tests"
Directory: /home/ptrprincess/cpps/build/tests
"NullableTest.copy_construct" start time: Aug 19 22:54 EDT
Output:
----------------------------------------------------------
Running main() from /home/ptrprincess/cpps/build/_deps/googletest-src/googletest/src/gtest_main.cc
Note: Google Test filter = NullableTest.copy_construct
[==========] Running 1 test from 1 test suite.
[----------] Global test environment set-up.
[----------] 1 test from NullableTest
[ RUN      ] NullableTest.copy_construct
[       OK ] NullableTest.copy_construct (0 ms)
[----------] 1 test from NullableTest (0 ms total)

[----------] Global test environment tear-down
[==========] 1 test from 1 test suite ran. (0 ms total)
[  PASSED  ] 1 test.
<end of output>
Test time =   0.00 sec
----------------------------------------------------------
Test Passed.
"NullableTest.copy_construct" end time: Aug 19 22:54 EDT
"NullableTest.copy_construct" time elapsed: 00:00:00
----------------------------------------------------------

4/18 Testing: NullableTest.move_construct
4/18 Test: NullableTest.move_construct
Command: "/home/ptrprincess/cpps/build/tests/Nullable_tests" "--gtest_filter=NullableTest.move_construct" "--gtest_also_run_disabled_tests"
Directory: /home/ptrprincess/cpps/build/tests
"NullableTest.move_construct" start time: Aug 19 22:54 EDT
Output:
----------------------------------------------------------
Running main() from /home/ptrprincess/cpps/build/_deps/googletest-src/googletest/src/gtest_main.cc
Note: Google Test filter = NullableTest.move_construct
[==========] Running 1 test from 1 test suite.
[----------] Global test environment set-up.
[----------] 1 test from NullableTest
[ RUN      ] NullableTest.move_construct
[       OK ] NullableTest.move_construct (0 ms)
[----------] 1 test from NullableTest (0 ms total)

[----------] Global test environment tear-down
[==========] 1 test from 1 test suite ran. (0 ms total)
[  PASSED  ] 1 test.
<end of output>
Test time =   0.00 sec
----------------------------------------------------------
Test Passed.
"NullableTest.move_construct" end time: Aug 19 22:54 EDT
"NullableTest.move_construct" time elapsed: 00:00:00
----------------------------------------------------------

5/18 Testing: NullableTest.value_move_construct
5/18 Test: NullableTest.value_move_construct
Command: "/home/ptrprincess/cpps/build/tests/Nullable_tests" "--gtest_filter=NullableTest.value_move_construct" "--gtest_also_run_disabled_tests"
Directory: /home/ptrprincess/cpps/build/tests
"NullableTest.value_move_construct" start time: Aug 19 22:54 EDT
Output:
----------------------------------------------------------
Running main() from /home/ptrprincess/cpps/build/_deps/googletest-src/googletest/src/gtest_main.cc
Note: Google Test filter = NullableTest.value_move_construct
[==========] Running 1 test from 1 test suite.
[----------] Global test environment set-up.
[----------] 1 test from NullableTest
[ RUN      ] NullableTest.value_move_construct
[       OK ] NullableTest.value_move_construct (0 ms)
[----------] 1 test from NullableTest (0 ms total)

[----------] Global test environment tear-down
[==========] 1 test from 1 test suite ran. (0 ms total)
[  PASSED  ] 1 test.
<end of output>
Test time =   0.00 sec
----------------------------------------------------------
Test Passed.
"NullableTest.value_move_construct" end time: Aug 19 22:54 EDT
"NullableTest.value_move_construct" time elapsed: 00:00:00
----------------------------------------------------------

6/18 Testing: NullableTest.CheckIsNull
6/18 Test: NullableTest.CheckIsNull
Command: "/home/ptrprincess/cpps/build/tests/Nullable_tests" "--gtest_filter=NullableTest.CheckIsNull" "--gtest_also_run_disabled_tests"
Directory: /home/ptrprincess/cpps/build/tests
"NullableTest.CheckIsNull" start time: Aug 19 22:54 EDT
Output:
----------------------------------------------------------
Running main() from /home/ptrprincess/cpps/build/_deps/googletest-src/googletest/src/gtest_main.cc
Note: Google Test filter = NullableTest.CheckIsNull
[==========] Running 1 test from 1 test suite.
[----------] Global test environment set-up.
[----------] 1 test from NullableTest
[ RUN      ] NullableTest.CheckIsNull
[       OK ] NullableTest.CheckIsNull (0 ms)
[----------] 1 test from NullableTest (0 ms total)

[----------] Global test environment tear-down
[==========] 1 test from 1 test suite ran. (0 ms total)
[  PASSED  ] 1 test.
<end of output>
Test time =   0.00 sec
----------------------------------------------------------
Test Passed.
"NullableTest.CheckIsNull" end time: Aug 19 22:54 EDT
"NullableTest.CheckIsNull" time elapsed: 00:00:00
----------------------------------------------------------

7/18 Testing: NullableTest.resolve
7/18 Test: NullableTest.resolve
Command: "/home/ptrprincess/cpps/build/tests/Nullable_tests" "--gtest_filter=NullableTest.resolve" "--gtest_also_run_disabled_tests"
Directory: /home/ptrprincess/cpps/build/tests
"NullableTest.resolve" start time: Aug 19 22:54 EDT
Output:
----------------------------------------------------------
Running main() from /home/ptrprincess/cpps/build/_deps/googletest-src/googletest/src/gtest_main.cc
Note: Google Test filter = NullableTest.resolve
[==========] Running 1 test from 1 test suite.
[----------] Global test environment set-up.
[----------] 1 test from NullableTest
[ RUN      ] NullableTest.resolve
[       OK ] NullableTest.resolve (0 ms)
[----------] 1 test from NullableTest (0 ms total)

[----------] Global test environment tear-down
[==========] 1 test from 1 test suite ran. (0 ms total)
[  PASSED  ] 1 test.
<end of output>
Test time =   0.00 sec
----------------------------------------------------------
Test Passed.
"NullableTest.resolve" end time: Aug 19 22:54 EDT
"NullableTest.resolve" time elapsed: 00:00:00
----------------------------------------------------------

8/18 Testing: NullableTest.copyAssignment
8/18 Test: NullableTest.copyAssignment
Command: "/home/ptrprincess/cpps/build/tests/Nullable_tests" "--gtest_filter=NullableTest.copyAssignment" "--gtest_also_run_disabled_tests"
Directory: /home/ptrprincess/cpps/build/tests
"NullableTest.copyAssignment" start time: Aug 19 22:54 EDT
Output:
----------------------------------------------------------
Running main() from /home/ptrprincess/cpps/build/_deps/googletest-src/googletest/src/gtest_main.cc
Note: Google Test filter = NullableTest.copyAssignment
[==========] Running 1 test from 1 test suite.
[----------] Global test environment set-up.
[----------] 1 test from NullableTest
[ RUN      ] NullableTest.copyAssignment
[       OK ] NullableTest.copyAssignment (0 ms)
[----------] 1 test from NullableTest (0 ms total)

[----------] Global test environment tear-down
[==========] 1 test from 1 test suite ran. (0 ms total)
[  PASSED  ] 1 test.
<end of output>
Test time =   0.00 sec
----------------------------------------------------------
Test Passed.
"NullableTest.copyAssignment" end time: Aug 19 22:54 EDT
"NullableTest.copyAssignment" time elapsed: 00:00:00
----------------------------------------------------------

9/18 Testing: NullableTest.moveAssignment
9/18 Test: NullableTest.moveAssignment
Command: "/home/ptrprincess/cpps/build/tests/Nullable_tests" "--gtest_filter=NullableTest.moveAssignment" "--gtest_also_run_disabled_tests"
Directory: /home/ptrprincess/cpps/build/tests
"NullableTest.moveAssignment" start time: Aug 19 22:54 EDT
Output:
----------------------------------------------------------
Running main() from /home/ptrprincess/cpps/build/_deps/googletest-src/googletest/src/gtest_main.cc
Note: Google Test filter = NullableTest.moveAssignment
[==========] Running 1 test from 1 test suite.
[----------] Global test environment set-up.
[----------] 1 test from NullableTest
[ RUN      ] NullableTest.moveAssignment
[       OK ] NullableTest.moveAssignment (0 ms)
[----------] 1 test from NullableTest (0 ms total)

[----------] Global test environment tear-down
[==========] 1 test from 1 test suite ran. (0 ms total)
[  PASSED  ] 1 test.
<end of output>
Test time =   0.00 sec
----------------------------------------------------------
Test Passed.
"NullableTest.moveAssignment" end time: Aug 19 22:54 EDT
"NullableTest.moveAssignment" time elapsed: 00:00:00
----------------------------------------------------------

10/18 Testing: NullableTest.default_construct
10/18 Test: NullableTest.default_construct
Command: "/home/ptrprincess/cpps/build/tests/all_tests" "--gtest_filter=NullableTest.default_construct" "--gtest_also_run_disabled_tests"
Directory: /home/ptrprincess/cpps/build/tests
"NullableTest.default_construct" start time: Aug 19 22:54 EDT
Output:
----------------------------------------------------------
Running main() from /home/ptrprincess/cpps/build/_deps/googletest-src/googletest/src/gtest_main.cc
Note: Google Test filter = NullableTest.default_construct
[==========] Running 1 test from 1 test suite.
[----------] Global test environment set-up.
[----------] 1 test from NullableTest
[ RUN      ] NullableTest.default_construct
[       OK ] NullableTest.default_construct (0 ms)
[----------] 1 test from NullableTest (0 ms total)

[----------] Global test environment tear-down
[==========] 1 test from 1 test suite ran. (0 ms total)
[  PASSED  ] 1 test.
<end of output>
Test time =   0.00 sec
----------------------------------------------------------
Test Passed.
"NullableTest.default_construct" end time: Aug 19 22:54 EDT
"NullableTest.default_construct" time elapsed: 00:00:00
----------------------------------------------------------

11/18 Testing: NullableTest.init_construct
11/18 Test: NullableTest.init_construct
Command: "/home/ptrprincess/cpps/build/tests/all_tests" "--gtest_filter=NullableTest.init_construct" "--gtest_also_run_disabled_tests"
Directory: /home/ptrprincess/cpps/build/tests
"NullableTest.init_construct" start time: Aug 19 22:54 EDT
Output:
----------------------------------------------------------
Running main() from /home/ptrprincess/cpps/build/_deps/googletest-src/googletest/src/gtest_main.cc
Note: Google Test filter = NullableTest.init_construct
[==========] Running 1 test from 1 test suite.
[----------] Global test environment set-up.
[----------] 1 test from NullableTest
[ RUN      ] NullableTest.init_construct
[       OK ] NullableTest.init_construct (0 ms)
[----------] 1 test from NullableTest (0 ms total)

[----------] Global test environment tear-down
[==========] 1 test from 1 test suite ran. (0 ms total)
[  PASSED  ] 1 test.
<end of output>
Test time =   0.00 sec
----------------------------------------------------------
Test Passed.
"NullableTest.init_construct" end time: Aug 19 22:54 EDT
"NullableTest.init_construct" time elapsed: 00:00:00
----------------------------------------------------------

12/18 Testing: NullableTest.copy_construct
12/18 Test: NullableTest.copy_construct
Command: "/home/ptrprincess/cpps/build/tests/all_tests" "--gtest_filter=NullableTest.copy_construct" "--gtest_also_run_disabled_tests"
Directory: /home/ptrprincess/cpps/build/tests
"NullableTest.copy_construct" start time: Aug 19 22:54 EDT
Output:
----------------------------------------------------------
Running main() from /home/ptrprincess/cpps/build/_deps/googletest-src/googletest/src/gtest_main.cc
Note: Google Test filter = NullableTest.copy_construct
[==========] Running 1 test from 1 test suite.
[----------] Global test environment set-up.
[----------] 1 test from NullableTest
[ RUN      ] NullableTest.copy_construct
[       OK ] NullableTest.copy_construct (0 ms)
[----------] 1 test from NullableTest (0 ms total)

[----------] Global test environment tear-down
[==========] 1 test from 1 test suite ran. (0 ms total)
[  PASSED  ] 1 test.
<end of output>
Test time =   0.00 sec
----------------------------------------------------------
Test Passed.
"NullableTest.copy_construct" end time: Aug 19 22:54 EDT
"NullableTest.copy_construct" time elapsed: 00:00:00
----------------------------------------------------------

13/18 Testing: NullableTest.move_construct
13/18 Test: NullableTest.move_construct
Command: "/home/ptrprincess/cpps/build/tests/all_tests" "--gtest_filter=NullableTest.move_construct" "--gtest_also_run_disabled_tests"
Directory: /home/ptrprincess/cpps/build/tests
"NullableTest.move_construct" start time: Aug 19 22:54 EDT
Output:
----------------------------------------------------------
Running main() from /home/ptrprincess/cpps/build/_deps/googletest-src/googletest/src/gtest_main.cc
Note: Google Test filter = NullableTest.move_construct
[==========] Running 1 test from 1 test suite.
[----------] Global test environment set-up.
[----------] 1 test from NullableTest
[ RUN      ] NullableTest.move_construct
[       OK ] NullableTest.move_construct (0 ms)
[----------] 1 test from NullableTest (0 ms total)

[----------] Global test environment tear-down
[==========] 1 test from 1 test suite ran. (0 ms total)
[  PASSED  ] 1 test.
<end of output>
Test time =   0.00 sec
----------------------------------------------------------
Test Passed.
"NullableTest.move_construct" end time: Aug 19 22:54 EDT
"NullableTest.move_construct" time elapsed: 00:00:00
----------------------------------------------------------

14/18 Testing: NullableTest.value_move_construct
14/18 Test: NullableTest.value_move_construct
Command: "/home/ptrprincess/cpps/build/tests/all_tests" "--gtest_filter=NullableTest.value_move_construct" "--gtest_also_run_disabled_tests"
Directory: /home/ptrprincess/cpps/build/tests
"NullableTest.value_move_construct" start time: Aug 19 22:54 EDT
Output:
----------------------------------------------------------
Running main() from /home/ptrprincess/cpps/build/_deps/googletest-src/googletest/src/gtest_main.cc
Note: Google Test filter = NullableTest.value_move_construct
[==========] Running 1 test from 1 test suite.
[----------] Global test environment set-up.
[----------] 1 test from NullableTest
[ RUN      ] NullableTest.value_move_construct
[       OK ] NullableTest.value_move_construct (0 ms)
[----------] 1 test from NullableTest (0 ms total)

[----------] Global test environment tear-down
[==========] 1 test from 1 test suite ran. (0 ms total)
[  PASSED  ] 1 test.
<end of output>
Test time =   0.00 sec
----------------------------------------------------------
Test Passed.
"NullableTest.value_move_construct" end time: Aug 19 22:54 EDT
"NullableTest.value_move_construct" time elapsed: 00:00:00
----------------------------------------------------------

15/18 Testing: NullableTest.CheckIsNull
15/18 Test: NullableTest.CheckIsNull
Command: "/home/ptrprincess/cpps/build/tests/all_tests" "--gtest_filter=NullableTest.CheckIsNull" "--gtest_also_run_disabled_tests"
Directory: /home/ptrprincess/cpps/build/tests
"NullableTest.CheckIsNull" start time: Aug 19 22:54 EDT
Output:
----------------------------------------------------------
Running main() from /home/ptrprincess/cpps/build/_deps/googletest-src/googletest/src/gtest_main.cc
Note: Google Test filter = NullableTest.CheckIsNull
[==========] Running 1 test from 1 test suite.
[----------] Global test environment set-up.
[----------] 1 test from NullableTest
[ RUN      ] NullableTest.CheckIsNull
[       OK ] NullableTest.CheckIsNull (0 ms)
[----------] 1 test from NullableTest (0 ms total)

[----------] Global test environment tear-down
[==========] 1 test from 1 test suite ran. (0 ms total)
[  PASSED  ] 1 test.
<end of output>
Test time =   0.00 sec
----------------------------------------------------------
Test Passed.
"NullableTest.CheckIsNull" end time: Aug 19 22:54 EDT
"NullableTest.CheckIsNull" time elapsed: 00:00:00
----------------------------------------------------------

16/18 Testing: NullableTest.resolve
16/18 Test: NullableTest.resolve
Command: "/home/ptrprincess/cpps/build/tests/all_tests" "--gtest_filter=NullableTest.resolve" "--gtest_also_run_disabled_tests"
Directory: /home/ptrprincess/cpps/build/tests
"NullableTest.resolve" start time: Aug 19 22:54 EDT
Output:
----------------------------------------------------------
Running main() from /home/ptrprincess/cpps/build/_deps/googletest-src/googletest/src/gtest_main.cc
Note: Google Test filter = NullableTest.resolve
[==========] Running 1 test from 1 test suite.
[----------] Global test environment set-up.
[----------] 1 test from NullableTest
[ RUN      ] NullableTest.resolve
[       OK ] NullableTest.resolve (0 ms)
[----------] 1 test from NullableTest (0 ms total)

[----------] Global test environment tear-down
[==========] 1 test from 1 test suite ran. (0 ms total)
[  PASSED  ] 1 test.
<end of output>
Test time =   0.00 sec
----------------------------------------------------------
Test Passed.
"NullableTest.resolve" end time: Aug 19 22:54 EDT
"NullableTest.resolve" time elapsed: 00:00:00
----------------------------------------------------------

17/18 Testing: NullableTest.copyAssignment
17/18 Test: NullableTest.copyAssignment
Command: "/home/ptrprincess/cpps/build/tests/all_tests" "--gtest_filter=NullableTest.copyAssignment" "--gtest_also_run_disabled_tests"
Directory: /home/ptrprincess/cpps/build/tests
"NullableTest.copyAssignment" start time: Aug 19 22:54 EDT
Output:
----------------------------------------------------------
Running main() from /home/ptrprincess/cpps/build/_deps/googletest-src/googletest/src/gtest_main.cc
Note: Google Test filter = NullableTest.copyAssignment
[==========] Running 1 test from 1 test suite.
[----------] Global test environment set-up.
[----------] 1 test from NullableTest
[ RUN      ] NullableTest.copyAssignment
[       OK ] NullableTest.copyAssignment (0 ms)
[----------] 1 test from NullableTest (0 ms total)

[----------] Global test environment tear-down
[==========] 1 test from 1 test suite ran. (0 ms total)
[  PASSED  ] 1 test.
<end of output>
Test time =   0.00 sec
----------------------------------------------------------
Test Passed.
"NullableTest.copyAssignment" end time: Aug 19 22:54 EDT
"NullableTest.copyAssignment" time elapsed: 00:00:00
----------------------------------------------------------

18/18 Testing: NullableTest.moveAssignment
18/18 Test: NullableTest.moveAssignment
Command: "/home/ptrprincess/cpps/build/tests/all_tests" "--gtest_filter=NullableTest.moveAssignment" "--gtest_also_run_disabled_tests"
Directory: /home/ptrprincess/cpps/build/tests
"NullableTest.moveAssignment" start time: Aug 19 22:54 EDT
Output:
----------------------------------------------------------
Running main() from /home/ptrprincess/cpps/build/_deps/googletest-src/googletest/src/gtest_main.cc
Note: Google Test filter = NullableTest.moveAssignment
[==========] Running 1 test from 1 test suite.
[----------] Global test environment set-up.
[----------] 1 test from NullableTest
[ RUN      ] NullableTest.moveAssignment
[       OK ] NullableTest.moveAssignment (0 ms)
[----------] 1 test from NullableTest (0 ms total)

[----------] Global test environment tear-down
[==========] 1 test from 1 test suite ran. (0 ms total)
[  PASSED  ] 1 test.
<end of output>
Test time =   0.00 sec
----------------------------------------------------------
Test Passed.
"NullableTest.moveAssignment" end time: Aug 19 22:54 EDT
"NullableTest.moveAssignment" time elapsed: 00:00:00
----------------------------------------------------------

End testing: Aug 19 22:54 EDT
